<?xml version="1.0" encoding="UTF-8"?><testrun name="EvaluationServiceTest" project="JavaCore_questions" tests="5" started="5" failures="0" errors="2" ignored="0">
  <testsuite name="com.revature.eval.java.core.EvaluationServiceTest" time="33.856">
    <testcase name="testProductOfPrimes" classname="com.revature.eval.java.core.EvaluationServiceTest" time="14.857">
      <error>java.lang.OutOfMemoryError: Java heap space&#13;
	at java.util.Arrays.copyOf(Arrays.java:3210)&#13;
	at java.util.Arrays.copyOf(Arrays.java:3181)&#13;
	at java.util.ArrayList.grow(ArrayList.java:265)&#13;
	at java.util.ArrayList.ensureExplicitCapacity(ArrayList.java:239)&#13;
	at java.util.ArrayList.ensureCapacityInternal(ArrayList.java:231)&#13;
	at java.util.ArrayList.add(ArrayList.java:462)&#13;
	at com.revature.eval.java.core.EvaluationService.calculatePrimeFactorsOf(EvaluationService.java:427)&#13;
	at com.revature.eval.java.core.EvaluationServiceTest.testProductOfPrimes(EvaluationServiceTest.java:394)&#13;
	at sun.reflect.NativeMethodAccessorImpl.invoke0(Native Method)&#13;
	at sun.reflect.NativeMethodAccessorImpl.invoke(NativeMethodAccessorImpl.java:62)&#13;
	at sun.reflect.DelegatingMethodAccessorImpl.invoke(DelegatingMethodAccessorImpl.java:43)&#13;
	at java.lang.reflect.Method.invoke(Method.java:498)&#13;
	at org.junit.runners.model.FrameworkMethod$1.runReflectiveCall(FrameworkMethod.java:50)&#13;
	at org.junit.internal.runners.model.ReflectiveCallable.run(ReflectiveCallable.java:12)&#13;
	at org.junit.runners.model.FrameworkMethod.invokeExplosively(FrameworkMethod.java:47)&#13;
	at org.junit.internal.runners.statements.InvokeMethod.evaluate(InvokeMethod.java:17)&#13;
	at org.junit.rules.ExpectedException$ExpectedExceptionStatement.evaluate(ExpectedException.java:239)&#13;
	at org.junit.rules.RunRules.evaluate(RunRules.java:20)&#13;
	at org.junit.runners.ParentRunner.runLeaf(ParentRunner.java:325)&#13;
	at org.junit.runners.BlockJUnit4ClassRunner.runChild(BlockJUnit4ClassRunner.java:78)&#13;
	at org.junit.runners.BlockJUnit4ClassRunner.runChild(BlockJUnit4ClassRunner.java:57)&#13;
	at org.junit.runners.ParentRunner$3.run(ParentRunner.java:290)&#13;
	at org.junit.runners.ParentRunner$1.schedule(ParentRunner.java:71)&#13;
	at org.junit.runners.ParentRunner.runChildren(ParentRunner.java:288)&#13;
	at org.junit.runners.ParentRunner.access$000(ParentRunner.java:58)&#13;
	at org.junit.runners.ParentRunner$2.evaluate(ParentRunner.java:268)&#13;
	at org.junit.runners.ParentRunner.run(ParentRunner.java:363)&#13;
	at org.eclipse.jdt.internal.junit4.runner.JUnit4TestReference.run(JUnit4TestReference.java:86)&#13;
	at org.eclipse.jdt.internal.junit.runner.TestExecution.run(TestExecution.java:38)&#13;
	at org.eclipse.jdt.internal.junit.runner.RemoteTestRunner.runTests(RemoteTestRunner.java:538)&#13;
	at org.eclipse.jdt.internal.junit.runner.RemoteTestRunner.runTests(RemoteTestRunner.java:760)&#13;
	at org.eclipse.jdt.internal.junit.runner.RemoteTestRunner.run(RemoteTestRunner.java:460)&#13;
&#13;
</error>
    </testcase>
    <testcase name="testCubeOfAPrime" classname="com.revature.eval.java.core.EvaluationServiceTest" time="0.001"/>
    <testcase name="testProductOfPrimesAndNonPrimes" classname="com.revature.eval.java.core.EvaluationServiceTest" time="0.0"/>
    <testcase name="testPrimeNumber" classname="com.revature.eval.java.core.EvaluationServiceTest" time="0.0"/>
    <testcase name="testSquareOfAPrime" classname="com.revature.eval.java.core.EvaluationServiceTest" time="18.997">
      <error>java.lang.OutOfMemoryError: Java heap space&#13;
	at java.util.Arrays.copyOf(Arrays.java:3210)&#13;
	at java.util.Arrays.copyOf(Arrays.java:3181)&#13;
	at java.util.ArrayList.grow(ArrayList.java:265)&#13;
	at java.util.ArrayList.ensureExplicitCapacity(ArrayList.java:239)&#13;
	at java.util.ArrayList.ensureCapacityInternal(ArrayList.java:231)&#13;
	at java.util.ArrayList.add(ArrayList.java:462)&#13;
	at com.revature.eval.java.core.EvaluationService.calculatePrimeFactorsOf(EvaluationService.java:427)&#13;
	at com.revature.eval.java.core.EvaluationServiceTest.testSquareOfAPrime(EvaluationServiceTest.java:379)&#13;
	at sun.reflect.NativeMethodAccessorImpl.invoke0(Native Method)&#13;
	at sun.reflect.NativeMethodAccessorImpl.invoke(NativeMethodAccessorImpl.java:62)&#13;
	at sun.reflect.DelegatingMethodAccessorImpl.invoke(DelegatingMethodAccessorImpl.java:43)&#13;
	at java.lang.reflect.Method.invoke(Method.java:498)&#13;
	at org.junit.runners.model.FrameworkMethod$1.runReflectiveCall(FrameworkMethod.java:50)&#13;
	at org.junit.internal.runners.model.ReflectiveCallable.run(ReflectiveCallable.java:12)&#13;
	at org.junit.runners.model.FrameworkMethod.invokeExplosively(FrameworkMethod.java:47)&#13;
	at org.junit.internal.runners.statements.InvokeMethod.evaluate(InvokeMethod.java:17)&#13;
	at org.junit.rules.ExpectedException$ExpectedExceptionStatement.evaluate(ExpectedException.java:239)&#13;
	at org.junit.rules.RunRules.evaluate(RunRules.java:20)&#13;
	at org.junit.runners.ParentRunner.runLeaf(ParentRunner.java:325)&#13;
	at org.junit.runners.BlockJUnit4ClassRunner.runChild(BlockJUnit4ClassRunner.java:78)&#13;
	at org.junit.runners.BlockJUnit4ClassRunner.runChild(BlockJUnit4ClassRunner.java:57)&#13;
	at org.junit.runners.ParentRunner$3.run(ParentRunner.java:290)&#13;
	at org.junit.runners.ParentRunner$1.schedule(ParentRunner.java:71)&#13;
	at org.junit.runners.ParentRunner.runChildren(ParentRunner.java:288)&#13;
	at org.junit.runners.ParentRunner.access$000(ParentRunner.java:58)&#13;
	at org.junit.runners.ParentRunner$2.evaluate(ParentRunner.java:268)&#13;
	at org.junit.runners.ParentRunner.run(ParentRunner.java:363)&#13;
	at org.eclipse.jdt.internal.junit4.runner.JUnit4TestReference.run(JUnit4TestReference.java:86)&#13;
	at org.eclipse.jdt.internal.junit.runner.TestExecution.run(TestExecution.java:38)&#13;
	at org.eclipse.jdt.internal.junit.runner.RemoteTestRunner.runTests(RemoteTestRunner.java:538)&#13;
	at org.eclipse.jdt.internal.junit.runner.RemoteTestRunner.runTests(RemoteTestRunner.java:760)&#13;
	at org.eclipse.jdt.internal.junit.runner.RemoteTestRunner.run(RemoteTestRunner.java:460)&#13;
&#13;
</error>
    </testcase>
  </testsuite>
</testrun>
